ch.
c.
t.
s.
v
u
t
s
r
q
p
o
~nn
n
m
ll
l
k
j
i
h
g
f
e
d
c
b
a
aruba
chlmbogus
aaabogusch.
aaabogusc.
aaabogust.
aaaboguss.
aaabogusv
aaabogusu
aaabogust
aaaboguss
aaabogusrr
aaabogusr
aaabogusq
aaabogusp
aaaboguso
aaabogus~nn
aaabogusn
aaabogusm
aaabogusll
aaabogusl
aaabogusk
aaabogusj
aaabogusi
aaabogush
aaabogusg
aaabogusf
aaaboguse
aaabogusd
aaabogusch
aaabogusc
aaabogusb
aaabogusa
ch.bogus
c.bogus
t.bogus
s.bogus
vbogus
ubogus
tbogus
sbogus
rrbogus
rbogus
qbogus
pbogus
obogus
~nnbogus
nbogus
mbogus
llbogus
lbogus
kbogus
jbogus
ibogus
hbogus
gbogus
fbogus
ebogus
dbogus
chbogus
cbogus
bbogus
abogus
clnrbogus
chll~nnrrbogus
cibogus
llbogus
lmbogus
rrbogus
rsbogus
nnnbogus
chico
cubana
ofrece
linea
gratis
contamos
monolingue
sinonimos
antonimos
formulario
abajo
o
arriba
elige
espasa
significados
version
mil
paginas
suplemento
a~nnade
muchas
traducciones
todavia
no
encuentras
tu
termino
puedes
preguntar
sala
vocabulario
bilingues
portugues
dos
editorial
lengua
nueva
adquisicion
lengua
espa~nnola
espasa
calpe
ademas
poder
cualquier
disfrutar
enormes
ventajas
sobre
papel
puedes
realich.ar
busquedas
selectivas
permiten
mac.or
flet.ibilidad
por
ejemplo
posible
contienen
insecto
quieres
buscar
todas
palabras
relacionadas
astronomia
busca
la
abreviatura
astron
sinonimos
antonimos
adicion
estar
disponible
busquedas
normales
todos
espa~nnoles
este
cada
hac.
lista
otras
en
incluc.en
dicha
palabra
entradas
sinonimos
antonimos
frances
son
bastante
et.tensos
siguen
creciendo
tiene
el
italiano
ingles
tiene
casi
seguimos
aumentando
mejorando
dia
lenguaje
idiomas
diccionarios
ofrecemos
los
idiomas
donde
mas
miembros
registrados
se
ac.udan
con
preguntas
respuestas
sobre
traduccion
gramatica
estilo
pronunciacion
etimologia
palabras
frases
tambien
et.iste
una
seccion
recursos
unos
foros
de
terminologia
especialich.ada
como
el
foro
juridico
c.
el
foro
medico
si
lo
que
estas
buscando
es
mas
que
una
traduccion
unete
a
nosotros
herramientas
la
barra
herramientas
para
usar
los
diccionarios
de
desde
suich.o
numero
mundo
galardonado
asociacion
profesionales
ademas
recibir
otros
reconocimientos
quien
gano
cuatro
torneos
se
realich.aron
estados
unidos
tenista
premiado
suich.o
quien
permanecio
sitio
mundial
distinguido
gracias
trabajo
dentro
fundacion
ademas
merecedor
reconocimiento
primer
tenista
desde
ganar
menos
diech.
titulos
durante
tres
a~nnos
consecutivos
recibio
por
cuarto
votado
aficionados
pagina
oficial
su
parte
serbio
recibio
premio
del
mientras
que
aleman
fue
reconocido
tenista
estadounidense
recibio
galardon
al
a~nno
ademas
sus
compatriotas
fueron
elegidos
como
mejor
pareja
dobles
